<?xml version="1.0" encoding="UTF-8"?>
<!-- Generated by org.testng.reporters.JUnitReportReporter -->
<testsuite hostname="Sevvelkarans-MacBook-Air.local" failures="0" tests="1" name="Test.RegisterTest" time="0.025" errors="0" timestamp="2025-03-26T13:32:01 IST" skipped="0">
  <testcase classname="Test.RegisterTest" name="f" time="0.025"/>
</testsuite> <!-- Test.RegisterTest -->
