<?xml version="1.0" encoding="UTF-8"?>
<!-- Generated by org.testng.reporters.JUnitReportReporter -->
<testsuite hostname="Sevvelkarans-MacBook-Air.local" failures="0" tests="1" name="POM_Basics.PoM_Basics" time="7.353" errors="0" timestamp="2025-03-27T11:00:24 IST" skipped="0">
  <testcase classname="POM_Basics.PoM_Basics" name="googleSearchTest" time="7.353"/>
</testsuite> <!-- POM_Basics.PoM_Basics -->
